{"failedCount":2,"prefixedPath":"src\/test\/java\/features\/signUp.feature","packageQualifiedName":"src.test.java.features.signUp","loopIndex":-1,"relativePath":"src\/test\/java\/features\/signUp.feature","scenarioResults":[{"sectionIndex":0,"stepResults":[{"result":{"nanos":182118700,"millis":182.1187,"status":"passed"},"step":{"line":8,"prefix":"Given","index":0,"text":"url \"https:\/\/api.demoblaze.com\/signup\""}},{"result":{"nanos":1224600,"millis":1.2246,"status":"passed"},"step":{"line":9,"prefix":"When","index":1,"text":"request \"{username:asikf, password:2355}\""}},{"result":{"nanos":1811431200,"millis":1811.4312,"status":"passed"},"step":{"line":10,"prefix":"And","index":2,"text":"method post"},"stepLog":"08:22:07.066 request:\n1 > POST https:\/\/api.demoblaze.com\/signup\n1 > Content-Type: text\/plain; charset=UTF-8\n1 > Content-Length: 31\n1 > Host: api.demoblaze.com\n1 > Connection: Keep-Alive\n1 > User-Agent: Apache-HttpClient\/4.5.14 (Java\/11.0.18)\n1 > Accept-Encoding: gzip,deflate\n{username:asikf, password:2355}\n\n08:22:07.812 response time in milliseconds: 739\n1 < 500\n1 < Content-Type: text\/html\n1 < X-Cloud-Trace-Context: 96b8d853db62a5b1581be1a97ca31262\n1 < Date: Thu, 24 Oct 2024 13:22:05 GMT\n1 < Server: Google Frontend\n1 < Content-Length: 290\n<!DOCTYPE HTML PUBLIC \"-\/\/W3C\/\/DTD HTML 3.2 Final\/\/EN\">\n<title>500 Internal Server Error<\/title>\n<h1>Internal Server Error<\/h1>\n<p>The server encountered an internal error and was unable to complete your request. Either the server is overloaded or there is an error in the application.<\/p>\n\n\n"},{"result":{"nanos":51800400,"errorMessage":"js failed:\n>>>>\n01: status\\h+200\n<<<<\norg.graalvm.polyglot.PolyglotException: SyntaxError: Unnamed:1:6 Expected ; but found error\r\nstatus\\h+200\r\n      ^\n\n- org.graalvm.polyglot.Context.eval(Context.java:425)\n- com.intuit.karate.graal.JsEngine.evalForValue(JsEngine.java:139)\n- com.intuit.karate.graal.JsEngine.eval(JsEngine.java:135)\n- com.intuit.karate.core.ScenarioEngine.evalJs(ScenarioEngine.java:1196)\n- com.intuit.karate.ScenarioActions.eval(ScenarioActions.java:388)\n- java.base\/jdk.internal.reflect.NativeMethodAccessorImpl.invoke0(Native Method)\n- java.base\/jdk.internal.reflect.NativeMethodAccessorImpl.invoke(NativeMethodAccessorImpl.java:62)\n\nsrc\/test\/java\/features\/signUp.feature:11","millis":51.8004,"status":"failed"},"step":{"line":11,"prefix":"Then","index":3,"text":"status\\h+200"},"stepLog":"08:22:07.887 src\/test\/java\/features\/signUp.feature:11\nThen status\\h+200\njs failed:\n>>>>\n01: status\\h+200\n<<<<\norg.graalvm.polyglot.PolyglotException: SyntaxError: Unnamed:1:6 Expected ; but found error\r\nstatus\\h+200\r\n      ^\n\n- org.graalvm.polyglot.Context.eval(Context.java:425)\n- com.intuit.karate.graal.JsEngine.evalForValue(JsEngine.java:139)\n- com.intuit.karate.graal.JsEngine.eval(JsEngine.java:135)\n- com.intuit.karate.core.ScenarioEngine.evalJs(ScenarioEngine.java:1196)\n- com.intuit.karate.ScenarioActions.eval(ScenarioActions.java:388)\n- java.base\/jdk.internal.reflect.NativeMethodAccessorImpl.invoke0(Native Method)\n- java.base\/jdk.internal.reflect.NativeMethodAccessorImpl.invoke(NativeMethodAccessorImpl.java:62)\n\nsrc\/test\/java\/features\/signUp.feature:11\n"},{"result":{"nanos":0,"millis":0.0,"status":"skipped"},"step":{"line":12,"prefix":"And","index":4,"text":"match response==\"\""}}],"line":15,"description":"","durationMillis":2046.5749,"failed":true,"error":"js failed:\n>>>>\n01: status\\h+200\n<<<<\norg.graalvm.polyglot.PolyglotException: SyntaxError: Unnamed:1:6 Expected ; but found error\r\nstatus\\h+200\r\n      ^\n\n- org.graalvm.polyglot.Context.eval(Context.java:425)\n- com.intuit.karate.graal.JsEngine.evalForValue(JsEngine.java:139)\n- com.intuit.karate.graal.JsEngine.eval(JsEngine.java:135)\n- com.intuit.karate.core.ScenarioEngine.evalJs(ScenarioEngine.java:1196)\n- com.intuit.karate.ScenarioActions.eval(ScenarioActions.java:388)\n- java.base\/jdk.internal.reflect.NativeMethodAccessorImpl.invoke0(Native Method)\n- java.base\/jdk.internal.reflect.NativeMethodAccessorImpl.invoke(NativeMethodAccessorImpl.java:62)\n\nsrc\/test\/java\/features\/signUp.feature:11","tags":["Post"],"executorName":"main","name":"Sign up correctly","startTime":1729776125775,"refId":"[1.1:15]","endTime":1729776127887,"exampleData":{"username":"asikf","password":"2355","status":"200"},"exampleIndex":0},{"sectionIndex":0,"stepResults":[{"result":{"nanos":1349699,"millis":1.349699,"status":"passed"},"step":{"line":8,"prefix":"Given","index":0,"text":"url \"https:\/\/api.demoblaze.com\/signup\""}},{"result":{"nanos":3019200,"millis":3.0192,"status":"passed"},"step":{"line":9,"prefix":"When","index":1,"text":"request \"{username:prsiuaf, password:casdw}\""}},{"result":{"nanos":230861400,"millis":230.8614,"status":"passed"},"step":{"line":10,"prefix":"And","index":2,"text":"method post"},"stepLog":"08:22:07.928 request:\n1 > POST https:\/\/api.demoblaze.com\/signup\n1 > Content-Type: text\/plain; charset=UTF-8\n1 > Content-Length: 34\n1 > Host: api.demoblaze.com\n1 > Connection: Keep-Alive\n1 > User-Agent: Apache-HttpClient\/4.5.14 (Java\/11.0.18)\n1 > Accept-Encoding: gzip,deflate\n{username:prsiuaf, password:casdw}\n\n08:22:08.153 response time in milliseconds: 224\n1 < 500\n1 < Content-Type: text\/html\n1 < X-Cloud-Trace-Context: 4d03d1daa848d33a8d8210afefa9bc38\n1 < Date: Thu, 24 Oct 2024 13:22:06 GMT\n1 < Server: Google Frontend\n1 < Content-Length: 290\n<!DOCTYPE HTML PUBLIC \"-\/\/W3C\/\/DTD HTML 3.2 Final\/\/EN\">\n<title>500 Internal Server Error<\/title>\n<h1>Internal Server Error<\/h1>\n<p>The server encountered an internal error and was unable to complete your request. Either the server is overloaded or there is an error in the application.<\/p>\n\n\n"},{"result":{"nanos":1381499,"errorMessage":"js failed:\n>>>>\n01: status\\h+200\n<<<<\norg.graalvm.polyglot.PolyglotException: SyntaxError: Unnamed:1:6 Expected ; but found error\r\nstatus\\h+200\r\n      ^\n\n- org.graalvm.polyglot.Context.eval(Context.java:425)\n- com.intuit.karate.graal.JsEngine.evalForValue(JsEngine.java:139)\n- com.intuit.karate.graal.JsEngine.eval(JsEngine.java:135)\n- com.intuit.karate.core.ScenarioEngine.evalJs(ScenarioEngine.java:1196)\n- com.intuit.karate.ScenarioActions.eval(ScenarioActions.java:388)\n- java.base\/jdk.internal.reflect.NativeMethodAccessorImpl.invoke0(Native Method)\n- java.base\/jdk.internal.reflect.NativeMethodAccessorImpl.invoke(NativeMethodAccessorImpl.java:62)\n\nsrc\/test\/java\/features\/signUp.feature:11","millis":1.381499,"status":"failed"},"step":{"line":11,"prefix":"Then","index":3,"text":"status\\h+200"},"stepLog":"08:22:08.157 src\/test\/java\/features\/signUp.feature:11\nThen status\\h+200\njs failed:\n>>>>\n01: status\\h+200\n<<<<\norg.graalvm.polyglot.PolyglotException: SyntaxError: Unnamed:1:6 Expected ; but found error\r\nstatus\\h+200\r\n      ^\n\n- org.graalvm.polyglot.Context.eval(Context.java:425)\n- com.intuit.karate.graal.JsEngine.evalForValue(JsEngine.java:139)\n- com.intuit.karate.graal.JsEngine.eval(JsEngine.java:135)\n- com.intuit.karate.core.ScenarioEngine.evalJs(ScenarioEngine.java:1196)\n- com.intuit.karate.ScenarioActions.eval(ScenarioActions.java:388)\n- java.base\/jdk.internal.reflect.NativeMethodAccessorImpl.invoke0(Native Method)\n- java.base\/jdk.internal.reflect.NativeMethodAccessorImpl.invoke(NativeMethodAccessorImpl.java:62)\n\nsrc\/test\/java\/features\/signUp.feature:11\n"},{"result":{"nanos":0,"millis":0.0,"status":"skipped"},"step":{"line":12,"prefix":"And","index":4,"text":"match response==\"\""}}],"line":16,"description":"","durationMillis":236.611798,"failed":true,"error":"js failed:\n>>>>\n01: status\\h+200\n<<<<\norg.graalvm.polyglot.PolyglotException: SyntaxError: Unnamed:1:6 Expected ; but found error\r\nstatus\\h+200\r\n      ^\n\n- org.graalvm.polyglot.Context.eval(Context.java:425)\n- com.intuit.karate.graal.JsEngine.evalForValue(JsEngine.java:139)\n- com.intuit.karate.graal.JsEngine.eval(JsEngine.java:135)\n- com.intuit.karate.core.ScenarioEngine.evalJs(ScenarioEngine.java:1196)\n- com.intuit.karate.ScenarioActions.eval(ScenarioActions.java:388)\n- java.base\/jdk.internal.reflect.NativeMethodAccessorImpl.invoke0(Native Method)\n- java.base\/jdk.internal.reflect.NativeMethodAccessorImpl.invoke(NativeMethodAccessorImpl.java:62)\n\nsrc\/test\/java\/features\/signUp.feature:11","tags":["Post"],"executorName":"main","name":"Sign up correctly","startTime":1729776127917,"refId":"[1.2:16]","endTime":1729776128157,"exampleData":{"username":"prsiuaf","password":"casdw","status":"200"},"exampleIndex":1}],"callDepth":0,"name":"Sign up","description":"As a DemoBlaze user\r\n  I want to create an account\r\n  So that I can access to all the page functionalities","resultDate":"2024-10-24 08:22:08 a. m.","durationMillis":2283.186698,"passedCount":0}